0 info it worked if it ends with ok
1 verbose cli [ '/usr/local/bin/node', '/usr/local/bin/npm', 'publish' ]
2 info using npm@3.4.0
3 info using node@v4.2.2
4 verbose publish [ '.' ]
5 silly cache add args [ '.', null ]
6 verbose cache add spec .
7 silly cache add parsed spec Result {
7 silly cache add   raw: '.',
7 silly cache add   scope: null,
7 silly cache add   name: null,
7 silly cache add   rawSpec: '.',
7 silly cache add   spec: '/Applications/MAMP/htdocs/seanjs-dev/yo-seanjs/node_modules/generator-seanjs',
7 silly cache add   type: 'directory' }
8 verbose addLocalDirectory /Users/omar/.npm/generator-seanjs/0.0.21/package.tgz not in flight; packing
9 info lifecycle generator-seanjs@0.0.21~prepublish: generator-seanjs@0.0.21
10 silly lifecycle generator-seanjs@0.0.21~prepublish: no script for prepublish, continuing
11 verbose tar pack [ '/Users/omar/.npm/generator-seanjs/0.0.21/package.tgz',
11 verbose tar pack   '/Applications/MAMP/htdocs/seanjs-dev/yo-seanjs/node_modules/generator-seanjs' ]
12 verbose tarball /Users/omar/.npm/generator-seanjs/0.0.21/package.tgz
13 verbose folder /Applications/MAMP/htdocs/seanjs-dev/yo-seanjs/node_modules/generator-seanjs
14 verbose addLocalTarball adding from inside cache /Users/omar/.npm/generator-seanjs/0.0.21/package.tgz
15 silly cache afterAdd generator-seanjs@0.0.21
16 verbose afterAdd /Users/omar/.npm/generator-seanjs/0.0.21/package/package.json not in flight; writing
17 verbose afterAdd /Users/omar/.npm/generator-seanjs/0.0.21/package/package.json written
18 silly publish { name: 'generator-seanjs',
18 silly publish   version: '0.0.21',
18 silly publish   description: 'SEAN.JS Stack Official Yeoman Generator',
18 silly publish   main: 'app/index.js',
18 silly publish   repository:
18 silly publish    { type: 'git',
18 silly publish      url: 'git+https://github.com/seanjs-stack/generator-seanjs.git' },
18 silly publish   author:
18 silly publish    { name: 'SEAN.JS Stack Team',
18 silly publish      email: 'support@seanjs.org',
18 silly publish      url: 'https://github.com/seanjs-stack' },
18 silly publish   engines: { node: '>=0.10.0' },
18 silly publish   scripts: { test: 'mocha' },
18 silly publish   keywords:
18 silly publish    [ 'yeoman-generator',
18 silly publish      'scaffold',
18 silly publish      'framework',
18 silly publish      'component',
18 silly publish      'app',
18 silly publish      'seanjs',
18 silly publish      'seanjs-stack',
18 silly publish      'node',
18 silly publish      'express',
18 silly publish      'angular',
18 silly publish      'redis',
18 silly publish      'sequelize',
18 silly publish      'sequelizejs',
18 silly publish      'sean-generator',
18 silly publish      'seanjs-generator',
18 silly publish      'socket.io',
18 silly publish      'chat' ],
18 silly publish   dependencies:
18 silly publish    { bluebird: '~3.0.5',
18 silly publish      chalk: '~1.1.1',
18 silly publish      pg: '^4.4.2',
18 silly publish      'pg-hstore': '^2.3.2',
18 silly publish      sequelize: '^3.9.0',
18 silly publish      'underscore.string': '~3.2.2',
18 silly publish      'yeoman-generator': '~0.21.1',
18 silly publish      yo: '~1.5.0' },
18 silly publish   devDependencies: { mocha: '~2.3.2', temp: '~0.8.0' },
18 silly publish   licenses: [ { type: 'MIT' } ],
18 silly publish   gitHead: '856ee87bc62264c6a9868540e6a06707fb90d7b3',
18 silly publish   bugs: { url: 'https://github.com/seanjs-stack/generator-seanjs/issues' },
18 silly publish   homepage: 'https://github.com/seanjs-stack/generator-seanjs#readme',
18 silly publish   _id: 'generator-seanjs@0.0.21',
18 silly publish   _shasum: 'afee68fb04902eb84ce31ad7bd3f027b86e872f9',
18 silly publish   _from: '.',
18 silly publish   _npmVersion: '2.14.2',
18 silly publish   _nodeVersion: '4.0.0',
18 silly publish   _npmUser: { name: 'omar_massad', email: 'contact@omarmassad.com' },
18 silly publish   dist:
18 silly publish    { shasum: '3bd8a73890672acf691038bb57e259b2bbe6852d',
18 silly publish      tarball: 'http://registry.npmjs.org/generator-seanjs/-/generator-seanjs-0.0.1.tgz' },
18 silly publish   maintainers: [ { name: 'omar_massad', email: 'contact@omarmassad.com' } ],
18 silly publish   directories: {},
18 silly publish   _resolved: 'https://registry.npmjs.org/generator-seanjs/-/generator-seanjs-0.0.1.tgz',
18 silly publish   readme: '![alt tag](http://www.seanjs.org/modules/core/client/img/brand/logo.png)\n\n[![Documentation Status](https://readthedocs.org/projects/seanjs/badge/?version=latest)](http://seanjs.readthedocs.org/en/latest/?badge=latest)\n[![Join the chat at https://gitter.im/seanjs-stack/seanjs](https://badges.gitter.im/Join%20Chat.svg)](https://gitter.im/seanjs-stack/seanjs?utm_source=badge&utm_medium=badge&utm_campaign=pr-badge&utm_content=badge)\n[![Build Status](https://travis-ci.org/seanjs-stack/generator-seanjs.svg?branch=master)](https://travis-ci.org/seanjs-stack/generator-seanjs)\n[![Dependencies Status](https://david-dm.org/seanjs-stack/generator-seanjs.svg)](https://david-dm.org/seanjs-stack/generator-seanjs)\n\n\n[![NPM](https://nodei.co/npm/generator-seanjs.png?downloads=true)](https://nodei.co/npm/generator-seanjs/)\n\nWelcome to **SEAN.JS** Stack Official Yeoman Generator\n\n**SEAN.JS** is a Full-Stack Javascript for an easy starting point with [**S**equilizeJS](http://sequelize.readthedocs.org/en/latest/), [**E**xpressJS](http://expressjs.com/), [**A**ngularJS](https://angularjs.org/) and [**N**odeJS](https://nodejs.org/en/) based applications.\nIt is designed to give you a quick and organized way to start developing SEAN based web apps.\n\n## Configured with\n* [RedisStore](https://github.com/optimalbits/node_acl): Redis session store backed by node_redis, and is insanely fast!\n* [ACL](https://github.com/optimalbits/node_acl): An Access Control List module, based on Redis with Express middleware support\n* [Async](https://github.com/caolan/async): Higher-order functions and common patterns for asynchronous code\n* [Passport](https://github.com/jaredhanson/passport): Simple, unobtrusive authentication for Node.js (Facebook, Twitter, LinkedIn, Google and PayPal)\n* [Socket.io](https://github.com/socketio/socket.io): Node.js realtime framework server\n* And many more...\n\nBased on **MEAN Stack**\n\n---\n\n# Under Development!\n\n[![Join the chat at https://gitter.im/seanjs-stack/seanjs](https://badges.gitter.im/Join%20Chat.svg)](https://gitter.im/seanjs-stack/seanjs?utm_source=badge&utm_medium=badge&utm_campaign=pr-badge&utm_content=badge)\n\nFor more info, please visit [http://seanjs.org/status](http://seanjs.org/status)\n\n---\n\n### Installation\n\n### Before you start, make sure you have these prerequisites installed:\n * PostgreSQL 9.4 or MySQL, MariaDB, SQLite and MSSQL *(Depending on your project but SEAN.JS defaults to PostgreSQL 9.4)*\n * Redis Server\n * Node.js\n * NPM\n\n##### Using Command Line:\n\n```bash\n$ git clone https://github.com/seanjs-stack/seanjs.git seanjs\n```\n```bash\n$ cd seanjs\n```\n\n```bash\n$ sudo npm install -g bower\n```\n\n```bash\n$ sudo npm install -g grunt-cli\n```\n\n```bash\n$ sudo npm install\n```\nYou might notice some `errors` but if you hit `node server.js` and it\'s working, simply ignore them.\n\n```bash\n$ bower install --alow-root\n```\n\n```bash\n$ node server.js\n```\n\n##### Using Yeoman Generator:\n\n```sh\n$  npm install -g yo\n```\n**Note:** Your user might not have the permissions to install package globally, so use a super user or **sudo**.\n\nOnce you have *yo* installed, you will need to install the **SEAN.JS** Stack generator as well:\n\n```bash\n$  npm install -g generator-seanjs\n```\n\n```bash\n$ yo seanjs\n```\n\nYou are now ready to get started with the SEAN.JS generator. The generator will help you create a SEAN application.\n\n\n---\n\n## Running Your Application\nAfter the install process is over, you\'ll be able to run your application using Grunt, just run grunt default task:\n\n```\n$ grunt\n```\n\nYour application should run on port 3000 with the *development* environment configuration, so in your browser just go to [http://localhost:3000](http://localhost:3000)\n\nThat\'s it! Your application should be running. To proceed with your development, check the other sections in this documentation.\nIf you encounter any problems, try the Troubleshooting section.\n\n* explore `config/env/development.js` for development environment configuration options\n\n### Running in Production mode\nTo run your application with *production* environment configuration, execute grunt as follows:\n\n```bash\n$ grunt prod\n```\n\n* explore `config/env/production.js` for production environment configuration options\n\n### Running with TLS (SSL)\nApplication will start by default with secure configuration (SSL mode) turned on and listen on port 8443.\nTo run your application in a secure manner you\'ll need to use OpenSSL and generate a set of self-signed certificates. Unix-based users can use the following command:\n\n```bash\n$ sh ./scripts/generate-ssl-certs.sh\n```\n\nWindows users can follow instructions found [here](http://www.websense.com/support/article/kbarticle/How-to-use-OpenSSL-and-Microsoft-Certification-Authority).\nAfter you\'ve generated the key and certificate, place them in the *config/sslcerts* folder.\n\nFinally, execute grunt\'s prod task `grunt prod`\n* enable/disable SSL mode in production environment change the `secure` option in `config/env/production.js`\n\n\n## Testing Your Application\nYou can run the full test suite included with SEANJS with the test task:\n\n```bash\n$ grunt test\n```\n\nThis will run both the server-side tests (located in the app/tests/ directory) and the client-side tests (located in the public/modules/*/tests/).\n\nTo execute only the server tests, run the test:server task:\n\n```bash\n$ grunt test:server\n```\n\nAnd to run only the client tests, run the test:client task:\n\n```bash\n$ grunt test:client\n```\n\n---\n## Contribution\n\nFor now, contact contact@omarmassad.com and we\'ll discuss it!\n\n---\n\n## Credits\nInspired by the great work of the [MEANJS](http://meanjs.org) team and indirectly by [Madhusudhan Srinivasa](https://github.com/madhums/)\nThe MEAN name was coined by [Valeri Karpov](http://blog.mongodb.org/post/49262866911/the-mean-stack-mongodb-expressjs-angularjs)\n\nThe SEAN.JS (SEANJS) name is coined by [Omar Massad](https://github.com/Massad)\n\n---\n\n## License\n(The MIT License)\n\nPermission is hereby granted, free of charge, to any person obtaining\na copy of this software and associated documentation files (the\n\'Software\'), to deal in the Software without restriction, including\nwithout limitation the rights to use, copy, modify, merge, publish,\ndistribute, sublicense, and/or sell copies of the Software, and to\npermit persons to whom the Software is furnished to do so, subject to\nthe following conditions:\n\nThe above copyright notice and this permission notice shall be\nincluded in all copies or substantial portions of the Software.\n\nTHE SOFTWARE IS PROVIDED \'AS IS\', WITHOUT WARRANTY OF ANY KIND,\nEXPRESS OR IMPLIED, INCLUDING BUT NOT LIMITED TO THE WARRANTIES OF\nMERCHANTABILITY, FITNESS FOR A PARTICULAR PURPOSE AND NONINFRINGEMENT.\nIN NO EVENT SHALL THE AUTHORS OR COPYRIGHT HOLDERS BE LIABLE FOR ANY\nCLAIM, DAMAGES OR OTHER LIABILITY, WHETHER IN AN ACTION OF CONTRACT,\nTORT OR OTHERWISE, ARISING FROM, OUT OF OR IN CONNECTION WITH THE\nSOFTWARE OR THE USE OR OTHER DEALINGS IN THE SOFTWARE.\n',
18 silly publish   readmeFilename: 'README.md' }
19 verbose getPublishConfig undefined
20 silly mapToRegistry name generator-seanjs
21 silly mapToRegistry using default registry
22 silly mapToRegistry registry https://registry.npmjs.org/
23 silly mapToRegistry uri https://registry.npmjs.org/generator-seanjs
24 verbose publish registryBase https://registry.npmjs.org/
25 silly publish uploading /Users/omar/.npm/generator-seanjs/0.0.21/package.tgz
26 verbose request uri https://registry.npmjs.org/generator-seanjs
27 verbose request sending authorization for write operation
28 info attempt registry request try #1 at 5:05:10 PM
29 verbose request using bearer token for auth
30 verbose request id 7c14c95b1638feff
31 http request PUT https://registry.npmjs.org/generator-seanjs
32 http 403 https://registry.npmjs.org/generator-seanjs
33 verbose headers { 'content-type': 'application/json',
33 verbose headers   'cache-control': 'max-age=60',
33 verbose headers   'content-length': '96',
33 verbose headers   'accept-ranges': 'bytes',
33 verbose headers   date: 'Mon, 16 Nov 2015 15:05:12 GMT',
33 verbose headers   via: '1.1 varnish',
33 verbose headers   connection: 'keep-alive',
33 verbose headers   'x-served-by': 'cache-fra1248-FRA',
33 verbose headers   'x-cache': 'MISS',
33 verbose headers   'x-cache-hits': '0',
33 verbose headers   'x-timer': 'S1447686311.321828,VS0,VE1476' }
34 verbose request invalidating /Users/omar/.npm/registry.npmjs.org/generator-seanjs on PUT
35 error publish Failed PUT 403
36 verbose stack Error: "You cannot publish over the previously published version 0.0.21." : generator-seanjs
36 verbose stack     at makeError (/usr/local/lib/node_modules/npm/node_modules/npm-registry-client/lib/request.js:264:12)
36 verbose stack     at CachingRegistryClient.<anonymous> (/usr/local/lib/node_modules/npm/node_modules/npm-registry-client/lib/request.js:252:14)
36 verbose stack     at Request._callback (/usr/local/lib/node_modules/npm/node_modules/npm-registry-client/lib/request.js:172:14)
36 verbose stack     at Request.self.callback (/usr/local/lib/node_modules/npm/node_modules/request/request.js:198:22)
36 verbose stack     at emitTwo (events.js:87:13)
36 verbose stack     at Request.emit (events.js:172:7)
36 verbose stack     at Request.<anonymous> (/usr/local/lib/node_modules/npm/node_modules/request/request.js:1082:10)
36 verbose stack     at emitOne (events.js:82:20)
36 verbose stack     at Request.emit (events.js:169:7)
36 verbose stack     at IncomingMessage.<anonymous> (/usr/local/lib/node_modules/npm/node_modules/request/request.js:1009:12)
37 verbose statusCode 403
38 verbose pkgid generator-seanjs
39 verbose cwd /Applications/MAMP/htdocs/seanjs-dev/yo-seanjs/node_modules/generator-seanjs
40 error Darwin 15.0.0
41 error argv "/usr/local/bin/node" "/usr/local/bin/npm" "publish"
42 error node v4.2.2
43 error npm  v3.4.0
44 error code E403
45 error "You cannot publish over the previously published version 0.0.21." : generator-seanjs
46 error If you need help, you may report this error at:
46 error     <https://github.com/npm/npm/issues>
47 verbose exit [ 1, true ]
